INFO-
INFO-		Unigraphics Version NX V11.0 to AutoCAD 2004
INFO-		
INFO-
INFO-		Running UGTODWG Translator .....
INFO-
INFO-		Start of Translation: Mon May 28 18:08:43 2018
INFO-
STATUS-		Converting C:\Users\Dronelab 4\Dropbox\NX\Alan\Bike Lock\bike_lock_mount_v3.prt
STATUS-
----------------------------------------------------------------------------
SUMMARY-                     Warnings
----------------------------------------------------------------------------
1. Font file <txt.shx> not found.
   For text translation improvement, set environment variable DXFDWG_FONTS_DIR to directory contaning font files
   OR place this font file at location pointed to by DXFDWG_DIR.
-------------------------------End------------------------------------------

SUMMARY-
SUMMARY-	Summary of Unigraphics Input Entities
SUMMARY-	For Unigraphics File: C:\Users\Dronelab 4\Dropbox\NX\Alan\Bike Lock\bike_lock_mount_v3.prt
SUMMARY-	------------------------------------------------------------------
SUMMARY-	Entity Type					Count
SUMMARY-	------------------------------------------------------------------
SUMMARY-	Line .....................................:	171
SUMMARY-	Point ....................................:	1
SUMMARY-	Arc ......................................:	32
SUMMARY-	Circle ...................................:	38
SUMMARY-	Conic ....................................:	19
SUMMARY-	Spline ...................................:	19
SUMMARY-	Solid Edges............................:	214
SUMMARY-	------------------------------------------------------------------
SUMMARY-	Total ....................................:	494
SUMMARY-	------------------------------------------------------------------
SUMMARY-
STATUS-
INFO-
INFO-		Writing File: C:\Users\Dronelab 4\Pharo\cad\bike_lock_mount_v3.dwg
SUMMARY-	Summary of AutoCAD Output Entities
SUMMARY-	------------------------------------------------------------------
SUMMARY-	Entity Type					Count
SUMMARY-	------------------------------------------------------------------
SUMMARY-	Arc ......................................:	32
SUMMARY-	Circle ...................................:	38
SUMMARY-	Spline ...................................:	19
SUMMARY-	Point ....................................:	1
SUMMARY-	Line .....................................:	171
SUMMARY-	Ellipse ..................................:	19
SUMMARY-	Layout ...................................:	6
SUMMARY-	------------------------------------------------------------------
SUMMARY-	Total ....................................:	286
SUMMARY-	------------------------------------------------------------------
SUMMARY-
INFO-
INFO-		End of Translation: Mon May 28 18:08:45 2018
INFO-		Translation CPU time: 0 m, 2 sINFO-
