[   0.00000]Initalizng cgou subsy cpuet
[   0.00000] Initializing cgroup subsys cpu
[    0.000000] Initialzingcgoup subsycpuacc
[   0.00000] Linx errsion 4.4.0-119-generic (builddlc01-ad6-013 (gc version 5.4.0 20160609 (Ubuntu5..0-6ubunu1116.4.9)) 143-bunt SP Mo Apr2 6:8:24UTC 01 (Ubnt 4.4.-119143-enerc .4.14)
[    0.000000] Command line: BOOT_IMAGE=/boot/vmlinuz-4.4.0-119-generic root=UUID=a7eda442e46f-485f-988d-83ec628120f3 ro console=tty1 console=ttyS0
[    0.000000] KERNEL supported cpus:
[    0.000000]   Intel GenuineIntel
[    0.000000]   AMD AuthenticAMD
[    0.000000]   Centaur CentaurHauls
[    0.000000] x86/fpu: xstate_offset[2]:  576, xstate_sizes[2]:  256
[    0.000000] x86/fpu: Supporting XSAVE feature 0x01: 'x87 floating point registers'
[    0.000000] x86/fpu: Supporting XSAVE feature 0x02: 'SSE registers'
[    0.000000] x86/fpu: Supporting XSAVE feature 0x04: 'AVX registers'
[    0.000000] x86/fpu: Enabled xstate features 0x7, context size is 832 bytes, using 'standard' format.
[    0.000000] x86/fpu: Using 'lazy' FPU context switches.
[    0.000000] e820: BIOS-provided physical RAM map:
[    0.000000] BIOS-e820: [mem 0x0000000000000000-0x000000000009fbff] usable
[    0.000000] BIOS-e820: [mem 0x000000000009fc00-0x000000000009ffff] reserved
[    0.000000] BIOS-e820: [mem 0x00000000000f0000-0x00000000000fffff] reserved
[    0.000000] BIOS-e820: [mem 0x0000000000100000-0x000000003ffeffff] usable
[    0.000000] BIOS-e820: [mem 0x000000003fff0000-0x000000003fffffff] ACPI data
[    0.000000] BIOS-e820: [mem 0x00000000fec00000-0x00000000fec00fff] reserved
[    0.000000] BIOS-e820: [mem 0x00000000fee00000-0x00000000fee00fff] reserved
[    0.000000] BIOS-e820: [mem 0x00000000fffc0000-0x00000000ffffffff] reserved
[    0.000000] NX (Execute Disable) protecton: active
[    0.000000] SMBIOS 2.5 present.
[    0.000000] Hypervisor detected: KVM
[    0.000000] e820: last_pfn = 0x3fff0 max_arch_pfn = 0x400000000
[    0.000000] MTRR: Disabled
[    0.000000] x86/PAT: MTRRs disabled, skipping PAT initialization too.
[    0.000000] CPU MTRRs all blank - virtualized system.
[    0.000000] x86/PAT: Configuration [0-7]: WB  WT  UC- UC  WB  WT  UC- UC  
[    0.000000 foundMP M-tabe t [mem 0x0009fff0-0x0009ffff] mapped at [ffff88000009ffff]
[   000000] anning 1 areas for low emry corruptio
[   0.00000] RAMDISK: [mem0x6204000-0x370f9fff
[   0.0000] ACPI: Early table checksum verification disabled
[    0.000000] ACPI: RSDP 0x00000000000E0000 000024 (v02 VBOX  )
[    0.000000] ACPI: XSDT 0x000000003FFF0030 00003C (v01 VBOX   VBOXXSDT 00000001 ASL  00000061)
[    0.000000] ACPI: FACP 0x000000003FFF00F0 0000F4 (v04 VBOX   VBOXFACP 00000001 ASL  00000061)
[    0.000000] ACPI: DSDT 0x000000003FFF0470 0021FF (v02 VBOX   VBOXBIOS 00000002 INTL 20100528)
[   000000] ACPI: FACS 0x000000003FFF0200 000040
[    0.000000] ACPI: FACS 0x000000003FFF0200 000040
[    0.000000] ACPI APIC 0x000000003FFF0240 00005C (v02 VBOX   VBOXAPIC 00000001 ASL  00000061)
[    0.000000] ACPI: SSDT 0x000000003FFF02A0 0001CC (v01 VBOX   VBOXCPUT 0000002 INT 20100528)
[    .000000] No NUMA configuration found
[    0.000000] Faking a node at [mem 0x0000000000000000-0x000000003ffeffff]
[    0.000000] NODE_DATA(0) allocated [mem 0x3ffeb000-0x3ffeffff]
[    0.000000] kvm-clock: Using msrs 4b564d01 and 4b564d00
[    0.000000] kvm-clock: cpu 0, msr 0:3ffe3001, primary cpu clock
[    0.000000] kvm-clock: using sched offset of 3926242068 cycles
[    0.000000] clocksource: kvm-clock: mask: 0xffffffffffffffff max_cycles: 0x1cd42e4dffb, max_idle_ns: 881590591483 ns
[    0.000000] Zone ranges:
[    0.000000]   DMA      [mem 0x0000000000001000-0x0000000000ffffff]
[    0.000000]   DMA32    [mem 0x0000000001000000-0x000000003ffeffff]
[    0.000000]   Normal   empty
[    0.000000]   Device   empty
[    0.000000] Movable zone start for each node
[    0.000000] Early memory node ranges
[    0.000000]   node   0: [mem 0x0000000000010000x00000000009efff
[    0.000000]   node  0: [mem 0x000000000100000-0x000000003ffeffff]
[    0.0000] Initmemseup node  [mem 0x0000000000001000-0x000000003ffeffff]
[  0.000000] ACPI: PM-Timer IO Port: 0x4008
[    0.000000] IOAIC[0]: apic_id 2, version 32, address 0xfec00000, GI 0-3
[    0.000000] ACPI: INT_SRC_OVR (bus 0 bus_irq 0 global_irq 2 dfl dfl)
[    0.000000] ACPI: INT_SRC_OVR (bus 0 bus_ir 9 gloal_irq 9 low level)
[    0.000000] Using ACPI (MAD) for SP configuratnn infrmation
[   0.0000] mpboot:Allowing 2 CPUs, 0 hotplug CPUs
[    0.000000] PM: Registered nosave memory: [mem 0x00000000-0x00000fff]
[    0.000000] PM: Registered nosave memory: [mem 0x0009f000-0x0009ffff]
[   0000000] PM:Registered nosave mmoy:  [mem 0x000a0000-0x000effff]
[    .000000] PM: Registered nosave memory: [mem 0x000f0000-0x000fffff]
[    0.000000] e820: [mem 0x40000000-0xfebfffff] avilable for PCI devices
[    0.000000] Booting paravirtualized kernel on KVM
[    0.000000] clocksource: refined-jiffies: mask: 0xffffffff max_cycles: 0xffffffff, max_idle_ns: 7645519600211568 ns
[    0.000000] setup_percpu: NR_CPUS:512 nr_cpumask_bits:512 nr_cpu_ids:2 nr_node_ids:1
[    0.000000] PERCPU: Embedded 34 pages/cpu @ffff88003fc00000 s99544 r8192 d31528 u1048576
[    0.000000] PV qspinlock hash table entries: 256 (order: 0, 4096 bytes)
[    0.000000] Built 1 zonelists in Node order, mobility grouping on.  Total pages: 257912
[    0.000000] Policy zone: DMA32
[    0.000000] Kernel command line: BOOT_IMAGE=/boot/vmlinuz-4.4.0-119-generic root=UUID=a7eda442-e46f-485f-988d-83ec628120f3 ro console=tty1 console=ttyS0
[    0.000000] PID hash table entries: 4096 (order: 3, 2768 bytes)
[    0.00000] Memory: 997204K/1048120K available (8532K kernel code, 1313K rwdata, 3996K rodata, 1508K init, 1316K bss, 50916K reserved, 0K cma-reserved)
[    0.000000] SLUB: HWalign=64, Order=0-3, MinObjects=0, CPUs=2, Nodes=1
[    0.000000] Kernel/User page tables isolation: enabled
[    0.000000] ierarchical RCU implementation.
[    0.000000] 	Build-time adjustment of leaf fanut t 64.
    0.00000] 	RCU restricting CPUs from NR_CPUS=512 to nr_cpu_ids=2.
[    0.000000] RCU: Adjusting geometry for rcu_fanout_leaf=64, nr_cp_ids=2
[    0.000000] NR_IRQS:33024 nr_irqs:440 16
[    0.000000 Consle: lour VGA+80x25
[    0.000000] console [tty1] enabled
[    0.000000] console [ttyS0] enabled
[    0.000000] tsc: Detected 2592.000 MHz processor
[   5.692418] Calibrating delay loop (skipped) preset value.. 5184.00 BogoMIPS (lpj=10368000)
[    5.799854] pid_max: default: 32768 minimum: 301
[    5.809114] ACPI: Core revision 20150930
[    5.814003] ACPI: 2 ACPI AML tables successfully acquired and loaded
[    5.821294] Security Framework initialized
[    5.822595] Yama: becoming mindful.
[    5.823869] AppArmor: AppArmor initialized
[    5.880295] Dentry cache hash table entries: 131072 (order: 8, 1048576 bytes)
[    5.894444] Inode-cache hash table entries: 65536 (order: 7, 524288 bytes)
[    5.968545] Mount-cache hash table entries: 2048 (order: 2, 16384 bytes)
[    6.088039] Mountpoint-cache hash table entries: 2048 (order: 2, 16384 bytes)
[    6.116558] Initializing cgroup subsys io
[    6.123505] Initializing cgroup subsys memory
[    6.131875] Initializing cgroup subsys devices
[    6.149475] Initializing cgroup subsys freezer
[    6.178916] Initializing cgroup subsys net_cls
[    6.223366] Initializing cgroup subsys perf_event
[    6.288004] Initializing cgroup subsys net_prio
[    6.361668] Initializing cgroup subsys hugetlb
[    6.448098] Initializing cgroup subsys pids
[    6.527529] CPU: Physical Processor ID: 0
[    6.536307] CPU: Processor Core ID: 0
[    6.537901] FEATURE SPEC_CTRL Not Present
[    6.541056] mce: CPU supports 0 MCE banks
[    6.542788] Last level iTLB entries: 4KB 64, 2MB 8, 4MB 8
[    6.552914] Last level dTLB entries: 4KB 64, 2MB 0, 4MB 0, 1GB 4
[    6.620301] Spectre V2 mitigation: Mitigation: Full generic retpoline
[    6.670349] Spectre V2 mitigation: Speculation control IBPB not-supported IBRS not-supported
[    6.828630] Spectre V2 mitigation: Filling RSB on context switch
[    6.943405] Freeing SMP alternatives memory: 32K
[    7.044094] ftrace: allocating 32195 entries in 126 pages
[    7.267491] smpboot: APIC(0) Converting physical 0 to logical package 0
[    7.359839] smpboot: Max logical packages: 1
[    7.400355] x2apic enabled
[    7.460050] Switched APIC routing to physical x2apic.
[    7.526839] ..TIMER: vector=0x30 apic1=0 pin1=2 apic2=-1 pin2=-1
[    7.738929] smpboot: CPU0: Intel(R) Core(TM) i7-6500U CPU @ 2.50GHz (family: 0x6, model: 0x4e, stepping: 0x3)
[    7.935648] Performance Events: unsupported p6 CPU model 78 no PMU driver, software events only.
[    8.131393] KVM setup paravirtual spinlock
[    8.211161] x86: Booting SMP configuration:
[    8.295927] .... node  #0, CPUs:      #1
[    8.340413] kvm-clock: cpu 1, msr 0:3ffe3041, secondary cpu clock
[    8.345025] mce: CPU supports 0 MCE banks
[    8.347936] x86: Booted up 1 node, 2 CPUs
[    8.401303] smpboot: Total of 2 processors activated (10368.00 BogoMIPS)
[    8.434718] devtmpfs: initialized
[    8.448529] evm: security.selinux
[    8.467935] evm: security.SMACK64
[    8.469697] evm: security.SMACK64EXEC
[    8.473234] evm: security.SMACK64TRANSMUTE
[    8.475254] evm: sscurity.SMACK64MMAP
[    8.501355] evm: security.ima
[    8.502752] evm: security.capability
[    8.558218] clocksource: jiffies: mask: 0xffffffff max_cycles: 0xffffffff, max_idle_ns: 7645041785100000 ns
[    8.597680] futex hash table entries: 512 (order: 3, 32768 bytes)
[    8.690346] pinctrl core: initialized pinctrl subsystem
[    8.758397] RTC time:  4:42:00, date: 05/02/18
[    8.806418] NET: Registered protocol family 16
[    8.885289] cpuidle: using governor ladder
[    8.968569] cpuidle: using governor menu
[    9.027485] PCCT header not found.
[    9.090930] ACPI: bus type PCI registered
[    9.098320] acpiphp: ACPI Hot Plug PCI Controller Driver version: 0.5
[    9.100105] PCI: Using configuration type 1 for base access
[    9.121352] ACPI: Added _OSI(Module Device)
[    9.124837] ACPI: Added _OSI(Processor Device)
[    9.129814] ACPI: Added _OSI(3.0 _SCP Extensions)
[    9.132776] ACPI: Added _OSI(Processor Aggregator Device)
[    9.198912] ACPI: Executed 1 blocks of module-level executable AML code
[    9.286054] ACPI: Interpreter enabled
[    9.337510] ACPI: (supports S0 S5)
[    9.399724] ACPI: Using IOAPIC for interrupt routing
[    9.483677] PCI: Using host bridge windows from ACPI; if necessary, use "pci=nocrs" and report a bug
[    9.525719] ACPI: PCI Root Bridge [PCI0] (domain 0000 [bus 00-ff])
[    9.559469] acpi PNP0A03:00: _OSC: OS supports [ASPM ClockPM Segments MSI]
[    9.603184] acpi PNP0A03:00: _OSC: not requesting OS control; OS requires [ExtendedConfig ASPM ClockPM MSI]
[    9.751910] acpi PNP0A03:00: fail to add MMCONFIG information, can't access extended PCI configuration space under this bridge.
[    9.912581] PCI host bridge to bus 0000:00
[    9.965723] pci_bus 0000:00: root bus resource [io  0x0000-0x0cf7 window]
[   10.068020] pci_bus 0000:00: root bus resource [io  0x0d00-0xffff window]
[   10.154821] pci_bus 0000:00: root bus resource [mem 0x000a0000-0x000bffff window]
[   10.248107] pci_bus 0000:00: root bus resource [mem 0x40000000-0xfdffffff window]
[   10.374753] pci_bus 0000:00: root bus resource [bus 00-ff]
[   10.459094] pci 0000:00:01.1: legacy IDE quirk: reg 0x10: [io  0x01f0-0x01f7]
[   10.566960] pci 0000:00:01.1: legacy IDE quirk: reg 0x14: [io  0x03f6]
[   10.629299] pci 0000:00:01.1: legacy IDE quirk: reg 0x18: [io  0x0170-0x0177]
[   10.655358] pci 0000:00:01.1: legacy IDE quirk: reg 0x1c: [io  0x0376]
[   10.711764] pci 0000:00:07.0: quirk: [io  0x4000-0x403f] claimed by PIIX4 ACPI
[   10.825284] pci 0000:00:07.0: quirk: [io  0x4100-0x410f] claimed by PIIX4 SMB
[   10.951147] ACPI: PCI Interrupt Link [LNKA] (IRQs 5 9 10 *11)
[   11.044007] ACPI: PCI Interrupt Link [LNKB] (IRQs 5 9 *10 11)
[   11.075327] ACPI: PCI Interrupt Link [LNKC] (IRQs 5 *9 10 11)
[   11.077601] ACPI: PCI Interrupt Link [LNKD] (IRQs 5 9 10 *11)
[   11.083349] ACPI: Enabled 2 GPEs in block 00 to 07
[   11.094971] vgaarb: setting as boot device: PCI:0000:00:02.0
[   11.096705] vgaarb: device added: PCI:0000:00:02.0,decodes=io+mem,owns=io+mem,locks=none
[   11.103890] vgaarb: loaded
[   11.104733] vgaarb: bridge control possible 0000:00:02.0
[   11.161710] SCSI subsystem initialized
[   11.219127] ACPI: bus type USB registered
[   11.267598] usbcore: registered new interface driver usbfs
[   11.343065] usbcore: registered new interface driver hub
[   11.421635] usbcore: registered new device driver usb
[   11.517305] PCI: Using ACPI for IRQ routing
[   11.592793] NetLabel: Initializing
[   11.623164] NetLabel:  domain hash size = 128
[   11.630971] NetLabel:  protocols = UNLABELED CIPSOv4
[   11.664538] NetLabel:  unlabeled traffic allowed by default
[   11.678110] amd_nb: Cannot enumerate AMD northbridges
[   11.696511] clocksource: Switched to clocksource kvm-clock
[   11.730252] AppArmor: AppArmor Filesystem Enabled
[   11.756864] pnp: PnP ACPI init
[   11.823076] pnp: PnP ACPI: found 3 devices
[   11.884288] clocksource: acpi_pm: mask: 0xffffff max_cycles: 0xffffff, max_idle_ns: 2085701024 ns
[   12.019965] NET: Registered protocol family 2
[   12.098449] TCP established hash table entries: 8192 (order: 4, 65536 bytes)
[   12.238351] TCP bind hash table entries: 8192 (order: 5, 131072 bytes)
[   12.272193] TCP: Hash tables configured (established 8192 bind 8192)
[   12.278621] UDP hash table entries: 512 (order: 2, 16384 bytes)
[   12.283250] UDP-Lite hash table entries: 512 (order: 2, 16384 bytes)
[   12.286276] NET: Registered protocol family 1
[   12.290585] pci 0000:00:00.0: Limiting direct PCI/PCI transfers
[   12.292293] pci 0000:00:01.0: Activating ISA DMA hang workarounds
[   12.294275] Unpacking initramfs...
[   13.368590] Freeing initrd memory: 15320K
[   13.388330] platform rtc_cmos: registered platform RTC device (no PNP device found)
[   13.496747] Scanning for low memory corruption every 60 seconds
[   13.588427] audit: initializing netlink subsys (disabled)
[   13.659769] audit: type=2000 audit(1525236119.871:1): initialized
[   13.689039] Initialise system trusted keyring
[   13.703758] HugeTLB registered 2 MB page size, pre-allocated 0 pages
[   13.837759] zbud: loaded
[   13.840796] VFS: Disk quotas dquot_6.6.0
[   13.844980] VFS: Dquot-cache hash table entries: 512 (order 0, 4096 bytes)
[   13.859269] squashfs: version 4.0 (2009/01/31) Phillip Lougher
[   13.868179] fuse init (API version 7.23)
[   13.894265] Key type big_key registered
[   13.946731] Allocating IMA MOK and blacklist keyrings.
[   14.022034] Key type asymmetric registered
[   14.054177] Asymmetric key parser 'x509' registered
[   14.058277] Block layer SCSI generic (bsg) driver version 0.4 loaded (major 249)
[   14.169334] io scheduler noop registered
[   14.219999] io scheduler deadline registered (default)
[   14.311400] io scheduler cfq registered
[   14.398629] tsc: Refined TSC clocksource calibration: 2592.113 MHz
[   14.516040] clocksource: tsc: mask: 0xffffffffffffffff max_cycles: 0x255d21d0b73, max_idle_ns: 440795338623 ns
[   14.516381] pci_hotplug: PCI Hot Plug PCI Core version: 0.5
[   14.516393] pciehp: PCI Express Hot Plug Controller Driver version: 0.4
[   14.516652] ACPI: AC Adapter [AC] (off-line)
[   14.516750] input: Power Button as /devices/LNXSYSTM:00/LNXPWRBN:00/input/input0
[   14.516754] ACPI: Power Button [PWRF]
[   14.516893] input: Sleep Button as /devices/LNXSYSTM:00/LNXSLPBN:00/input/input1
[   14.516896] ACPI: Sleep Button [SLPF]
[   14.518114] ACPI: Battery Slot [BAT0] (battery present)
[   14.518148] GHES: HEST is not enabled!
[   14.655168] Serial: 8250/16550 driver, 32 ports, IRQ sharing enabled
[   14.728534] 00:02: ttyS0 at I/O 0x3f8 (irq = 4, base_baud = 115200) is a 16550A
[   14.738350] Linux agpgart interface v0.103
[   14.799090] loop: module loaded
[   14.800152] scsi host0: ata_piix
[   14.800246] scsi host1: ata_piix
[   14.800286] ata1: PATA max UDMA/33 cmd 0x1f0 ctl 0x3f6 bmdma 0xd000 irq 14
[   14.800287] ata2: PATA max UDMA/33 cmd 0x170 ctl 0x376 bmdma 0xd008 irq 15
[   14.800378] libphy: Fixed MDIO Bus: probed
[   14.800381] tun: Universal TUN/TAP device driver, 1.6
[   14.800381] tun: (C) 1999-2004 Max Krasnyansky <maxk@qualcomm.com>
[   14.800762] PPP generic driver version 2.4.2
[   14.800841] ehci_hcd: USB 2.0 'Enhanced' Host Controller (EHCI) Driver
[   14.800847] ehci-pci: EHCI PCI platform driver
[   14.800858] ehci-platform: EHCI generic platform driver
[   14.800868] ohci_hcd: USB 1.1 'Open' Host Controller (OHCI) Driver
[   14.800871] ohci-pci: OHCI PCI platform driver
[   14.800881] ohci-platform: OHCI generic platform driver
[   14.800890] uhci_hcd: USB Universal Host Controller Interface driver
[   14.800951] i8042: PNP: PS/2 Controller [PNP0303:PS2K,PNP0f03:PS2M] at 0x60,0x64 irq 1,12
[   14.801545] serio: i8042 KBD port at 0x60,0x64 irq 1
[   14.801549] serio: i8042 AUX port at 0x60,0x64 irq 12
[   14.801666] mousedev: PS/2 mouse device common for all mice
[   14.802093] input: AT Translated Set 2 keyboard as /devices/platform/i8042/serio0/input/input2
[   14.802488] rtc_cmos rtc_cmos: rtc core: registered rtc_cmos as rtc0
[   14.802567] rtc_cmos rtc_cmos: alarms up to one day, 114 bytes nvram
[   14.802575] i2c /dev entries driver
[   14.802630] device-mapper: uevent: version 1.0.3
[   14.802691] device-mapper: ioctl: 4.34.0-ioctl (2015-10-28) initialised: dm-devel@redhat.com
[   14.802714] ledtrig-cpu: registered to indicate activity on CPUs
[   14.803370] NET: Registered protocol family 10
[   14.803515] NET: Registered protocol family 17
[   14.803523] Key type dns_resolver registered
[   14.803800] registered taskstats version 1
[   14.803833] Loading compiled-in X.509 certificates
[   14.804396] Loaded X.509 cert 'Build time autogenerated kernel key: f854e06633b5f496ced5b2e02c7b14f761b69302'
[   14.804412] zswap: loaded using pool lzo/zbud
[   14.806593] Key type trusted registered
[   14.810906] Key type encrypted registered
[   14.810911] AppArmor: AppArmor sha1 policy hashing enabled
[   14.810914] ima: No TPM chip found, activating TPM-bypass!
[   14.810932] evm: HMAC attrs: 0x1
[   14.811215]   Magic number: 2:249:716
[   14.847381] rtc_cmos rtc_cmos: setting system clock to 2018-05-02 04:42:06 UTC (1525236126)
[   14.847475] BIOS EDD facility v0.16 2004-Jun-25, 0 devices found
[   14.847476] EDD information not available.
[   17.572761] Freeing unused kernel memory: 1508K
[   18.865042] Write protecting the kernel read-only data: 14336k
[   18.901183] Freeing unused kernel memory: 1696K
[   18.952620] Freeing unused kernel memory: 100K
Loading, please wait...
starting version[   19.028760] random: systemd-udevd: uninitialized urandom read (16 bytes read, 9 bits of entropy available)
 229
[   19.030054] random: udevadm: uninitialized urandom read (16 bytes read, 9 bits of entropy available)
[   19.030125] random: udevadm: uninitialized urandom read (16 bytes read, 9 bits of entropy available)
[   19.060478] random: udevadm: uninitialized urandom read (16 bytes read, 9 bits of entropy available)
[   19.060628] random: udevadm: uninitialized urandom read (16 bytes read, 9 bits of entropy available)
[   19.061083] random: udevadm: uninitialized urandom read (16 bytes read, 9 bits of entropy available)
[   19.061217] random: udevadm: uninitialized urandom read (16 bytes read, 9 bits of entropy available)
[   19.061337] random: udevadm: uninitialized urandom read (16 bytes read, 9 bits of entropy available)
[   19.061461] random: udevadm: uninitiallzed urandom read (16 bytes read, 9 bits of entropy available)
[   19.061582] random: udevadm: uninitialized urandom read (16 bytes read, 9 bits of entropy available)
[   19.635759] Fusion MPT base driver 3.04.20
[   19.648688] Copyright (c) 1999-2008 LSI Corporation
[   19.687595] e1000: Intel(R) PRO/1000 Network Driver - version 7.3.21-k8-NAPI
[   19.726681] e1000: Copyright (c) 1999-2006 Intel Corporation.
[   19.776110] Fusion MPT SPI Host driver 3.04.20
[   19.898654] AVX2 version of gcm_enc/dec engaged.
[   19.916084] AES CTR mode by8 optimization enabled
[   19.936346] input: ImExPS/2 Generic Explorer Mouse as /devices/platform/i8042/serio1/input/input4
[   20.290001] e1000 0000:00:03.0 eth0: (PCI:33MHz:32-bit) 02:66:2d:c5:e5:fb
[   20.336019] e1000 0000:00:03.0 eth0: Intel(R) PRO/1000 Network Connection
[   20.395214] e1000 0000:00:03.0 enp0s3: renamed from eth0
[   20.417953] mptbase: ioc0: Initiating bringup
[   20.518150] ioc0: LSI53C1030 A0: Capabilities={Initiator}
[   20.707818] scsi host2: ioc0: LSI53C1030 A0, FwRev=00000000h, Ports=1, MaxQ=256, IRQ=20
[   20.965888] scsi 2:0:0:0: Direct-Access     VBOX     HARDDISK         1.0  PQ: 0 ANSI: 5
[   21.097425] scsi target2:0:0: Beginning Domain Validation
[   21.162485] scsi target2:0:0: Domain Validation skipping write tests
[   21.245312] scsi target2:0:0: Ending Domain Validation
[   21.337232] scsi target2:0:0: asynchronous
[   21.438168] scsi 2:0:1:0: Direct-Access     VBOX     HARDDISK         1.0  PQ: 0 ANSI: 5
[   21.533968] scsi target2:0:1: Beginning Domain Validation
[   21.561966] scsi target2:0:1: Domain Validation skipping write tests
[   21.589608] scsi target2:0:1: Ending Domain Validation
[   21.615174] scsi target2:0:1: asynchronous
[   21.628801] sd 2:0:0:0: [sda] 20971520 512-byte logical blocks: (10.7 GB/10.0 GiB)
[   21.628911] sd 2:0:0:0: Attached scsi generic sg0 type 0
[   21.710173] sd 2:0:1:0: Attached scsi generic sg1 type 0
[   21.781618] sd 2:0:1:0: [sdb] 20480 512-byte logical blocks: (10.5 MB/10.0 MiB)
[   21.781814] sd 2:0:0:0: [sda] Write Protect is off
[   21.782028] sd 2:0:0:0: [sda] Incomplete mode parameter data
[   21.782031] sd 2:0:0:0: [sda] Assuming drive cache: write through
[   21.887370]  sda: sda1
[   21.888112] sd 2:0:0:0: [sda] Attached SCSI disk
[   22.039023] sd 2:0:1:0: [sdb] Write Protect is off
[   22.154132] sd 2:0:1:0: [sdb] Incomplete mode parameter data
[   22.254178] sd 2:0:1:0: [sdb] Assuming drive cache: write through
[   22.373854] sd 2:0:1:0: [sdb] Attached SCSI disk
[   22.764923] floppy0: no floppy controllers found
Begin: Loading e[   24.743631] md: linear personality registered for level -1
ssential drivers[   24.916518] md: multipath personality registered for level -4
 ... [   25.021507] md: raid0 personality registered for level 0
[   25.030654] md: raid1 personality registered for level 1
[   25.108550] raid6: sse2x1   gen()  7080 MB/s
[   25.272865] raid6: sse2x1   xor()  3127 MB/s
[   25.480895] raid6: sse2x2   gen()  6908 MB/s
[   25.612897] raid6: sse2x2   xor()  4806 MB/s
[   25.720847] raid6: sse2x4   gen()  6563 MB/s
[   25.844527] raid6: sse2x4   xor()  4659 MB/s
[   26.028985] raid6: avx2x1   gen() 11350 MB/s
[   26.156527] raid6: avx2x2   gen() 16578 MB/s
[[  26.284617] raid6: avx2x4   gen() 14069 MB/s
[   26.373594] raid6: using algorithm avx2x2 gen() 16578 MB/s
[   26.491740] raid6: using avx2x2 recovery algorithm
[   26.613494] xor: automatically using best checksumming function:
[   26.729190]    avx       : 14435.000 MB/sec
[   26.805400] async_tx: api initialized (async)
[   26.887603] md: raid6 personality registered for level 6
[   27.036108] md: raid5 personality registered for level 5
[   27.168579] md: raid4 personality registered for level 4
[   27.200120] md: raid10 personality registered for level 10
done.
Begin: Running /scripts/init-premount ...[   27.285571] Btrfs loaded
 done.
Begin: Mounting root file system ... Begin: Running /scripts/local-top ... done.
Begin: Running /scripts/local-premount ... Scanning for Btrfs filesystems
done.
Warning: fsck no[   27.405382] EXT4-fs (sda1): mounted filesystem with ordered data mode. Opts: (null)
t present, so skipping root file system
done.
Begin: Running /scripts/local-bottom ... done.
Begin: Running /scripts/init-bottom ... done.
[   27.789904] systemd[1]: systemd 229 running in system mode. (+PAM +AUDIT +SELINUX +IMA +APPARMOR +SMACK +SYSVINIT +UTMP +LIBCRYPTSETUP +GCRYPT +GNUTLS +ACL +XZ -LZ4 +SECCOMP +BLKID +ELFUTILS +KMOD -IDN)
[   28.086863] systemd[1]: Detected virtualization oracle.
[   28.170374] systemd[1]: Detected architecture x86-64.

Welcome to [1mUbuntu 16.04.3 LTS[0m!

[   28.267479] systemd[1]: Set hostname to <ubuntu-xenial>.
[   28.436704] random: nonblocking pool is initialized
[   28.486430] systemd[1]: Reached target Swap.
[[0;32m  OK  [0m] Reached target Swap.
[   28.646732] systemd[1]: Created slice User and Session Slice.
[[0;32m  OK  [0m] Created slice User and Session Slice.
[   28.813455] systemd[1]: Reached target Encrypted Volumes.
[[0;32m  OK  [0m] Reached target Encrypted Volumes.
[   28.954143] systemd[1]: Listening on LVM2 poll daemon socket.
[[0;32m  OK  [0m] Listening on LVM2 poll daemon socket.
[   29.105370] systemd[1]: Listening on udev Kernel Socket.
[[0;32m  OK  [0m] Listening on udev Kernel Socket.
[   29.265487] systemd[1]: Listening on Journal Socket (/dev/log).
[[0;32m  OK  [0m] Listening on Journal Socket (/dev/log).
[   29.358150] systemd[1]: Listening on LVM2 metadata daemon socket.
[[0;32m  OK  [0m] Listening on LVM2 metadata daemon socket.
[   29.409056] systemd[1]: Set up automount Arbitrary Executable File Formats File System Automount Point.
[[0;32m  OK  [0m] Set up automount Arbitrary Executab...ats File System Automount Point.
[   29.541648] systemd[1]: Started Forward Password Requests to Wall Directory Watch.
[[0;32m  OK  [0m] Started Forward Password Requests to Wall Directory Watch.
[   29.797625] systemd[1]: Reached target User and Group Name Lookups.
[[0;32m  OK  [0m] Reached target User and Group Name Lookups.
[   30.012195] systemd[1]: Listening on udev Control Socket.
[[0;32m  OK  [0m] Listening on udev Control Socket.
[   30.189607] systemd[1]: Started Trigger resolvconf update for networkd DNS.
[[0;32m  OK  [0m] Started Trigger resolvconf update for networkd DNS.
[   30.361839] systemd[1]: Listening on Syslog Socket.
[[0;32m  OK  [0m] Listening on Syslog Socket.
[   30.495809] systemd[1]: Listening on /dev/initctl Compatibility Named Pipe.
[[0;32m  OK  [0m] Listening on /dev/initctl Compatibility Named Pipe.
[   30.527708] systemd[1]: Created slice System Slice.
[[0;32m  OK  [0m] Created slice System Slice.
[   30.569473] systemd[1]: Reached target Slices.
[[0;32m  OK  [0m] Reached target Slices.
[   30.654597] systemd[1]: Created slice system-serial\x2dgetty.slice.
[[0;32m  OK  [0m] Created slice system-serial\x2dgetty.slice.
[   30.878913] systemd[1]: Listening on Journal Socket.
[[0;32m  OK  [0m] Listening on Journal Socket.
[   31.049300] systemd[1]: Starting Set console keymap...
         Starting Set console keymap...
[   31.118701] systemd[1]: Starting Load Kernel Modules...
         Starting Load Kernel Mo[   31.174122] Loading iSCSI transport class v2.0-870.
dules...
[   31.218259] systemd[1]: Mounting POSIX Message Queue File System...
         Mounting POSIX M[   31.246836] iscsi: registered transport (tcp)
essage Queue File System...
[   31.293644] iscsi: registered transport (iser)
[   31.304965] systemd[1]: Starting Uncomplicated firewall...
         Starting Uncomplicated firewall...
[   31.434565] systemd[1]: Starting Create list of required static device nodes for the current kernel...
         Starting Create list of required st... nodes for the current kernel...
[   31.628956] systemd[1]: Starting Nameserver information manager...
         Starting Nameserver information manager...
[   31.660369] systemd[1]: Mounting Debug File System...
         Mounting Debug File System...
[   31.729031] systemd[1]: Starting Remount Root and Kernel File Systems...
[   31.737917] EXT4-fs (sda1): re-mounted. Opts: (null)
         Starting Remount Root and Kernel File Systems...
[   31.873347] systemd[1]: Mounting Huge Pages File System...
         Mounting Huge Pages File System...
[   31.941920] systemd[1]: Listening on Device-mapper event daemon FIFOs.
[[0;32m  OK  [0m] Listening on Device-mapper event daemon FIFOs.
[   32.145553] systemd[1]: Starting Monitoring of LVM2 mirrors, snapshots etc. using dmeventd or progress polling...
         Starting Monitoring of LVM2 mirrors... dmeventd or progress polling...
[   32.269988] systemd[1]: Listening on Journal Audit Socket.
[[0;32m  OK  [0m] Listening on Journal Audit Socket.
[   32.457220] systemd[1]: Starting Journal Service...
         Starting Journal Service...
[   32.517592] systemd[1]: Mounted POSIX Message Queue File System.
[[0;32m  OK  [0m] Mounted POSIX Message Queue File System.
[   32.578210] systemd[1]: Mounted Debug File System.
[[0;32m  OK  [0m] Mounted Debug File System.
[   32.745978] systemd[1]: Mounted Huge Pages File System.
[[0;32m  OK  [0m] Mounted Huge Pages File System.
[   32.845866] systemd[1]: Started Journal Service.
[[0;32m  OK  [0m] Started Journal Service.
[[0;32m  OK  [0m] Started Set console keymap.
[[0;32m  OK  [0m] Started Load Kernel Modules.
[[0;32m  OK  [0m] Started Uncomplicated firewall.
[[0;32m  OK  [0m] Started Create list of required sta...ce nodes for the current kernel.
[[0;32m  OK  [0m] Started Remount Root and Kernel File Systems.
[[0;32m  OK  [0m] Started Nameserver information manager.
[[0;32m  OK  [0m] Started LVM2 metadata daemon.
         Starting udev Coldplug all Devices...
         Starting Initial cloud-init job (pre-networking)...
         Starting Load/Save Random Seed...
         Starting Create Static Device Nodes in /dev...
         Starting Apply Kernel Variables...
         Mounting FUSE Control File System...
         Starting Flush Journal to Persistent Storage...
[[0;32m  OK  [0m] Mounted FUSE Control File System.
[[0;32m  OK  [0m] Started Monitoring of LVM2 mirrors,...ng dmeventd or progress polling.
[[0;32m  OK  [0m] Started Load/Save Random Seed.
[[0;32m  OK  [0m] Started Create Static Device Nodes in /dev.
[[0;32m  OK  [0m] Started Apply Kernel Variables.
[[0;32m  OK  [0m] Started udev Coldplug all Devices.
[[0;32m  OK  [0m] Started Flush Journal to Persistent Storage.
         Starting udev Kernel Device Manager...
[[0;32m  OK  [0m] Started udev Kernel Device Manager.
[[0;32m  OK  [0m] Started Dispatch Password Requests to Console Directory Watch.
[[0;32m  OK  [0m] Reached target Local File Systems (Pre).
[[0;32m  OK  [0m] Reached target Local File Systems.
         Starting Set console font and keymap...
         Starting Tell Plymouth To Write Out Runtime Data...
         Starting Create Volatile Files and Directories...
         Starting LSB: AppArmor initialization...
[[0;32m  OK  [0m] Started Tell Plymouth To Write Out Runtime Data.
[[0;32m  OK  [0m] Started Create Volatile Files and Directories.
[[0;32m  OK  [0m] Found device /dev/ttyS0.
[[0;32m  OK  [0m] Reached target System Time Synchronized.
         Starting Update UTMP about System Boot/Shutdown...
[[0;32m  OK  [0m] Started LSB: AppArmor initialization.
[[0;32m  OK  [0m] Started Update UTMP about System Boot/Shutdown.
[[0;32m  OK  [0m] Found device 82540EM Gigabit Ethern...r (PRO/1000 MT Desktop Adapter).
[[0;32m  OK  [0m] Started Set console font and keymap.
[[0;32m  OK  [0m] Listening on Load/Save RF Kill Switch Status /dev/rfkill Watch.
[[0;32m  OK  [0m] Created slice system-getty.slice.
[   25.100691] cloud-init[449]: Cloud-init v. 17.1 running 'init-local' at Wed, 02 May 2018 04:42:27 +0000. Up 24.51 seconds.
[[0;32m  OK  [0m] Started Initial cloud-init job (pre-networking).
[[0;32m  OK  [0m] Reached target Network (Pre).
[[0;32m  OK  [0m] Started ifup for enp0s3.
         Starting Raise network interfaces...
[[0;32m  OK  [0m] Started Raise network interfaces.
[[0;32m  OK  [0m] Reached target Network.
         Starting Initial cloud-init job (metadata service crawler)...
[   28.842199] cloud-init[972]: Cloud-init v. 17.1 running 'init' at Wed, 02 May 2018 04:42:30 +0000. Up 27.93 seconds.
[[0;32m  OK  [0m] Started Initial cloud-init job (metadata service crawler).
[   28.943174] cloud-init[972]: ci-info: +++++++++++++++++++++++++++++++++++++Net device info++++++++++++++++++++++++++++++++++++++
[   29.169216] cloud-init[972]: ci-info: +--------+------+----------------------------+---------------+-------+-------------------+
[   29.285829] cloud-init[972]: ci-info: | Device |  Up  |          Address           |      Mask     | Scope |     Hw-Address    |
[   29.413586] cloud-init[972]: ci-info: +--------+------+----------------------------+---------------+-------+-------------------+
[[0;32m  OK  [0m] Reached target Network is Online.
[   29.552314] cloud-init[972]: ci-info: | enp0s3 | True |         10.0.2.15          | 255.255.255.0 |   .   | 02:66:2d:c5:e5:fb |
[   29.701922] cloud-init[972]: ci-info: | enp0s3 | True | fe80::66:2dff:fec5:e5fb/64 |       .       |  link | 02:66:2d:c5:e5:fb |
         Starting iSCSI initiator daemon (iscsid)...
[[0;32m  OK  [0m] Reached target Cloud-config availability.
[   29.827651] cloud-init[972]: ci-info: |   lo   | True |         127.0.0.1          |   255.0.0.0   |   .   |         .         |
[[0;32m  OK  [0m] Reached target System Initialization.
[   29.976254] cloud-init[972]: ci-info: |   lo   | True |          ::1/128           |       .       |  host |         .         |
[   30.078510] cloud-init[972]: ci-info: +--------+------+----------------------------+---------------+-------+-------------------+
[   30.080419] cloud-init[972]: ci-info: +++++++++++++++++++++++++++Route IPv4 info++++++++++++++++++++++++++++
[   30.081737] cloud-init[972]: ci-info: +-------+-------------+----------+---------------+-----------+-------+
[   30.083916] cloud-init[972]: ci-info: | Route | Destination | Gateway  |    Genmask    | Interface | Flags |
         Starting Socket activation for snappy daemon.
[   30.085968] cloud-init[972]: ci-info: +-------+-------------+----------+---------------+-----------+-------+
[   30.639015] cloud-init[972]: ci-info: |   0   |   0.0.0.0   | 10.0.2.2 |    0.0.0.0    |   enp0s3  |   UG  |
[   30.640574] cloud-init[972]: ci-info: |   1   |   10.0.2.0  | 0.0.0.0  | 255.255.255.0 |   enp0s3  |   U   |
[[0;32m  OK  [0m] Started Daily apt download activities.
[   30.641128] cloud-init[972]: ci-info: +-------+-------------+----------+---------------+-----------+-------+
[[0;32m  OK  [0m] Started Daily apt upgrade and clean activities.
[[0;32m  OK  [0m] Started ACPI Events Check.
[[0;32m  OK  [0m] Reached target Paths.
[[0;32m  OK  [0m] Started Daily Cleanup of Temporary Directories.
[[0;32m  OK  [0m] Listening on UUID daemon activation socket.
[[0;32m  OK  [0m] Listening on ACPID Listen Socket.
         Starting LXD - unix socket.
[[0;32m  OK  [0m] Listening on D-Bus System Message Bus Socket.
[[0;32m  OK  [0m] Started Timer to automatically refresh installed snaps.
[[0;32m  OK  [0m] Reached target Timers.
[[0;32m  OK  [0m] Listening on Socket activation for snappy daemon.
[[0;32m  OK  [0m] Listening on LXD - unix socket.
[[0;32m  OK  [0m] Started iSCSI initiator daemon (iscsid).
         Starting Login to default iSCSI targets...
[[0;32m  OK  [0m] Reached target Sockets.
[[0;32m  OK  [0m] Reached target Basic System.
[[0;32m  OK  [0m] Started FUSE filesystem for LXC.
         Starting Accounts Service...
[[0;32m  OK  [0m] Started Deferred execution scheduler.
         Starting OpenBSD Secure Shell server...
[[0;32m  OK  [0m] Started ACPI event daemon.
         Starting LXD - container startup/shutdown...
         Starting Login Service...
         Starting LSB: Record successful boot for GRUB...
[[0;32m  OK  [0m] Started Regular background program processing daemon.
[[0;32m  OK  [0m] Started D-Bus System Message Bus.
         Starting System Logging Service...
         Starting Apply the settings specified in cloud-config...
[[0;32m  OK  [0m] Started Unattended Upgrades Shutdown.
         Starting Snappy daemon...
         Starting /etc/rc.local Compatibility...
         Starting LSB: MD monitoring daemon...
[[0;32m  OK  [0m] Started OpenBSD Secure Shell server.
[[0;32m  OK  [0m] Started System Logging Service.
[[0;32m  OK  [0m] Started LXD - container startup/shutdown.
[[0;32m  OK  [0m] Started /etc/rc.local Compatibility.
[[0;32m  OK  [0m] Started Login to default iSCSI targets.
[[0;32m  OK  [0m] Started Snappy daemon.
[[0;32m  OK  [0m] Started LSB: Record successful boot for GRUB.
[[0;32m  OK  [0m] Started LSB: MD monitoring daemon.
[[0;32m  OK  [0m] Started Login Service.
         Starting Authenticate and Authorize Users to Run Privileged Tasks...
[[0;32m  OK  [0m] Reached target Remote File Systems (Pre).
[[0;32m  OK  [0m] Reached target Remote File Systems.
         Starting LSB: automatic crash report generation...
         Starting LSB: Set the CPU Frequency Scaling governor to "ondemand"...
         Starting LSB: daemon to balance interrupts for SMP systems...
         Starting LSB: VirtualBox Linux Additions...
         Starting Permit User Sessions...
[[0;32m  OK  [0m] Started Permit User Sessions.
[[0;32m  OK  [0m] Started Authenticate and Authorize Users to Run Privileged Tasks.
[[0;32m  OK  [0m] Started Accounts Service.
         Starting Terminate Plymouth Boot Screen...
         Starting Hold until boot process finishes up...
[[0;32m  OK  [0m] Started LSB: automatic crash report generation.
[[0;32m  OK  [0m] Started LSB: Set the CPU Frequency Scaling governor to "ondemand".
[[0;32m  OK  [0m] Started LSB: daemon to balance interrupts for SMP systems.
[[0;32m  OK  [0m] Started Terminate Plymouth Boot Screen.
[[0;32m  OK  [0m] Started Hold until boot process finishes up.
         Starting Set console scheme...
[[0;32m  OK  [0m] Started Serial Getty on ttyS0.
[[0;32m  OK  [0m] Started Getty on tty1.
[[0;32m  OK  [0m] Reached target Login Prompts.
[[0;32m  OK  [0m] Started LSB: VirtualBox Linux Additions.
[[0;32m  OK  [0m] Started Set console scheme.
[[0;32m  OK  [0m] Reached target Multi-User System.
[[0;32m  OK  [0m] Reached target Graphical Interface.
         Starting Update UTMP about System Runlevel Changes...
[[0;32m  OK  [0m] Started Update UTMP about System Runlevel Changes.
[   33.592279] cloud-init[1076]: Cloud-init v. 17.1 running 'modules:config' at Wed, 02 May 2018 04:42:35 +0000. Up 33.32 seconds.
[[0;32m  OK  [0m] Started Apply the settings specified in cloud-config.
         Starting Execute cloud user/final scripts...
[[0;32m  OK  [0m] Created slice User Slice of vagrant.
         Starting User Manager for UID 1000...
[[0;32m  OK  [0m] Started User Manager for UID 1000.
[[0;32m  OK  [0m] Started Session 1 of user vagrant.
[   34.525353] cloud-init[1213]: Cloud-init v. 17.1 running 'modules:final' at Wed, 02 May 2018 04:42:36 +0000. Up 34.20 seconds.
[   34.529799] cloud-init[1213]: Cloud-init v. 17.1 finished at Wed, 02 May 2018 04:42:37 +0000. Datasource DataSourceNoCloud [seed=/dev/sdb][dsmode=net].  Up 34.51 seconds
[[0;32m  OK  [0m] Started Execute cloud user/final scripts.
[[0;32m  OK  [0m] Reached target Cloud-init target.

Ubuntu 16.04.3 LTS ubuntu-xenial ttyS0

ubuntu-xenial login: 